2026-04-27 14:40:05,868 | INFO | 
2026-04-27 14:40:05,869 | INFO | ====================================================================================================
2026-04-27 14:40:05,869 | INFO | PHASE 1 - FD004 ADVANCED PREPROCESSING PIPELINE
2026-04-27 14:40:05,869 | INFO | ====================================================================================================
2026-04-27 14:40:05,869 | INFO | Starting data preparation workflow.
2026-04-27 14:40:05,869 | INFO | Loading raw dataset from: data/raw/train_FD004.txt
2026-04-27 14:40:05,923 | INFO | Training dataset loaded successfully: 61249 rows, 249 engines.
2026-04-27 14:40:05,923 | INFO | Operational settings columns: ['Set1', 'Set2', 'Set3']
2026-04-27 14:40:05,923 | INFO | Selected sensor channels: ['S2', 'S3', 'S4', 'S7', 'S8', 'S9', 'S11', 'S12', 'S13', 'S14', 'S15', 'S17', 'S20', 'S21']
2026-04-27 14:40:05,928 | INFO | RUL, piecewise RUL, and failure alarm labels were created successfully.
2026-04-27 14:40:05,937 | INFO | Training split: 199 engines, 48692 rows.
2026-04-27 14:40:05,937 | INFO | Validation split: 50 engines, 12557 rows.
2026-04-27 14:40:05,939 | INFO | Split summary exported to CSV.
2026-04-27 14:40:05,939 | INFO | Training row-level failure rate: 0.126694
2026-04-27 14:40:05,939 | INFO | Validation row-level failure rate: 0.123437
2026-04-27 14:40:05,939 | INFO | 
2026-04-27 14:40:05,939 | INFO | ====================================================================================================
2026-04-27 14:40:05,939 | INFO | Operational Regime Modeling
2026-04-27 14:40:05,939 | INFO | ====================================================================================================
2026-04-27 14:40:06,046 | INFO | Cluster assignment completed for training and validation splits.
2026-04-27 14:40:06,046 | INFO | Standardized operational settings added as model features.
2026-04-27 14:40:06,047 | INFO | Cluster counts on training split:
{0: 7352, 1: 7299, 2: 7256, 3: 7208, 4: 7332, 5: 12245}
2026-04-27 14:40:06,047 | INFO | Cluster counts on validation split:
{0: 1872, 1: 1863, 2: 1883, 3: 1883, 4: 1906, 5: 3150}
2026-04-27 14:40:06,047 | INFO | 
2026-04-27 14:40:06,047 | INFO | ====================================================================================================
2026-04-27 14:40:06,047 | INFO | Feature Engineering
2026-04-27 14:40:06,047 | INFO | ====================================================================================================
2026-04-27 14:40:06,360 | INFO | Sensor and temporal feature columns: 42
2026-04-27 14:40:06,360 | INFO | Final feature columns including operational settings: 45
2026-04-27 14:40:06,360 | INFO | Feature columns: ['S2', 'S3', 'S4', 'S7', 'S8', 'S9', 'S11', 'S12', 'S13', 'S14', 'S15', 'S17', 'S20', 'S21', 'S2_var', 'S2_trend', 'S3_var', 'S3_trend', 'S4_var', 'S4_trend', 'S7_var', 'S7_trend', 'S8_var', 'S8_trend', 'S9_var', 'S9_trend', 'S11_var', 'S11_trend', 'S12_var', 'S12_trend', 'S13_var', 'S13_trend', 'S14_var', 'S14_trend', 'S15_var', 'S15_trend', 'S17_var', 'S17_trend', 'S20_var', 'S20_trend', 'S21_var', 'S21_trend', 'Set1_std', 'Set2_std', 'Set3_std']
2026-04-27 14:40:06,366 | INFO | [Cluster 0] Feature scaler fitted on 7352 training samples.
2026-04-27 14:40:06,369 | INFO | [Cluster 1] Feature scaler fitted on 7299 training samples.
2026-04-27 14:40:06,371 | INFO | [Cluster 2] Feature scaler fitted on 7256 training samples.
2026-04-27 14:40:06,373 | INFO | [Cluster 3] Feature scaler fitted on 7208 training samples.
2026-04-27 14:40:06,376 | INFO | [Cluster 4] Feature scaler fitted on 7332 training samples.
2026-04-27 14:40:06,379 | INFO | [Cluster 5] Feature scaler fitted on 12245 training samples.
2026-04-27 14:40:06,379 | INFO | Applying cluster-specific feature scaling to training and validation sets.
2026-04-27 14:40:06,453 | INFO | [train] Final feature range: min=-2.389683, max=1.217832, mean=0.377070, std=0.376233
2026-04-27 14:40:06,454 | INFO | [validation] Final feature range: min=-2.389683, max=1.217832, mean=0.377216, std=0.376511
2026-04-27 14:40:06,459 | INFO | Cluster summary on training data:
 Cluster  samples  engines  mean_cycle  mean_rul  failure_rate
       0     7352      199  132.944097 93.156420      0.126632
       1     7299      199  134.281271 92.883272      0.125634
       2     7256      199  133.018330 93.481946      0.122244
       3     7208      199  134.079079 92.662597      0.127913
       4     7332      199  133.147845 92.282324      0.126568
       5    12245      199  133.377297 92.584973      0.129359
2026-04-27 14:40:06,459 | INFO | 
2026-04-27 14:40:06,459 | INFO | ====================================================================================================
2026-04-27 14:40:06,459 | INFO | Diagnostic Visualization
2026-04-27 14:40:06,459 | INFO | ====================================================================================================
2026-04-27 14:40:06,459 | INFO | 
2026-04-27 14:40:06,459 | INFO | ====================================================================================================
2026-04-27 14:40:06,459 | INFO | Plot 1 - Engine Length Distribution
2026-04-27 14:40:06,459 | INFO | ====================================================================================================
2026-04-27 14:40:06,601 | INFO | 
2026-04-27 14:40:06,601 | INFO | ====================================================================================================
2026-04-27 14:40:06,601 | INFO | Plot 2 - Operational Regime Scatter Plot
2026-04-27 14:40:06,601 | INFO | ====================================================================================================
2026-04-27 14:40:07,543 | INFO | 
2026-04-27 14:40:07,543 | INFO | ====================================================================================================
2026-04-27 14:40:07,543 | INFO | Plot 3 - Cluster Allocation Across Splits
2026-04-27 14:40:07,543 | INFO | ====================================================================================================
2026-04-27 14:40:07,620 | INFO | 
2026-04-27 14:40:07,620 | INFO | ====================================================================================================
2026-04-27 14:40:07,620 | INFO | Plot 4 - Piecewise RUL Distribution
2026-04-27 14:40:07,620 | INFO | ====================================================================================================
2026-04-27 14:40:07,772 | INFO | 
2026-04-27 14:40:07,772 | INFO | ====================================================================================================
2026-04-27 14:40:07,772 | INFO | Plot 5 - Correlation Matrix
2026-04-27 14:40:07,772 | INFO | ====================================================================================================
2026-04-27 14:40:08,264 | INFO | 
2026-04-27 14:40:08,264 | INFO | ====================================================================================================
2026-04-27 14:40:08,264 | INFO | Plot 6 - Representative Engine Degradation Profile
2026-04-27 14:40:08,264 | INFO | ====================================================================================================
2026-04-27 14:40:08,444 | INFO | 
2026-04-27 14:40:08,444 | INFO | ====================================================================================================
2026-04-27 14:40:08,444 | INFO | Plot 7 - Feature Variability Snapshot
2026-04-27 14:40:08,444 | INFO | ====================================================================================================
2026-04-27 14:40:08,882 | INFO | 
2026-04-27 14:40:08,882 | INFO | ====================================================================================================
2026-04-27 14:40:08,882 | INFO | Plot 8 - Missing Values Overview
2026-04-27 14:40:08,882 | INFO | ====================================================================================================
2026-04-27 14:40:08,911 | INFO | 
2026-04-27 14:40:08,911 | INFO | ====================================================================================================
2026-04-27 14:40:08,911 | INFO | Sequence Construction
2026-04-27 14:40:08,911 | INFO | ====================================================================================================
2026-04-27 14:40:09,141 | INFO | X_train shape: (42921, 30, 45)
2026-04-27 14:40:09,141 | INFO | X_val shape: (11107, 30, 45)
2026-04-27 14:40:09,141 | INFO | y_train_rul shape: (42921,)
2026-04-27 14:40:09,141 | INFO | y_val_rul shape: (11107,)
2026-04-27 14:40:09,141 | INFO | y_train_fail positive rate: 0.143729
2026-04-27 14:40:09,141 | INFO | y_val_fail positive rate: 0.139552
2026-04-27 14:40:09,196 | INFO | Training and validation tensors saved successfully.
2026-04-27 14:40:09,196 | INFO | 
2026-04-27 14:40:09,196 | INFO | ====================================================================================================
2026-04-27 14:40:09,196 | INFO | Official Test Set Processing
2026-04-27 14:40:09,196 | INFO | ====================================================================================================
2026-04-27 14:40:09,196 | INFO | Loading raw dataset from: data/raw/test_FD004.txt
2026-04-27 14:40:09,241 | INFO | Official test dataset loaded successfully: 41214 rows, 248 engines.
2026-04-27 14:40:09,601 | INFO | [official_test] Final feature range: min=-2.389683, max=1.217832, mean=0.365313, std=0.371548
2026-04-27 14:40:09,757 | INFO | Official test tensor shape: (248, 30, 45)
2026-04-27 14:40:09,757 | INFO | Official test tensor saved successfully.
2026-04-27 14:40:09,759 | INFO | Official test targets saved to: data/processed/official_test_targets_fd004.csv
2026-04-27 14:40:09,759 | INFO | Official normalized RUL target saved to: data/processed/y_test_official_fd004_rul.npy
2026-04-27 14:40:09,759 | INFO | Official failure target saved to: data/processed/y_test_official_fd004_fail.npy
2026-04-27 14:40:09,760 | INFO | Models and scalers saved successfully.
2026-04-27 14:40:09,760 | INFO | Metadata saved to: data/processed/phase_1_metadata.json
2026-04-27 14:40:09,761 | INFO | Markdown report saved to: reports/phase_1_eda/phase_1_report.md
2026-04-27 14:40:09,761 | INFO | 
2026-04-27 14:40:09,761 | INFO | ====================================================================================================
2026-04-27 14:40:09,761 | INFO | PHASE 1 COMPLETED
2026-04-27 14:40:09,761 | INFO | ====================================================================================================
2026-04-27 14:40:09,761 | INFO | Elapsed time: 3.89 seconds
2026-04-27 14:40:09,761 | INFO | Reports directory: reports/phase_1_eda
2026-04-27 14:40:09,761 | INFO | Processed directory: data/processed
2026-04-27 14:40:09,761 | INFO | Models directory: models
